Using pre-set license
Built from '2020.3/staging' branch; Version is '2020.3.26f1 (7298b473bc1a) revision 7510196'; Using compiler version '192528614'; Build Type 'Release'
OS: 'Windows 10  (10.0.19042) 64bit Education' Language: 'ko' Physical Memory: 16334 MB
BatchMode: 1, IsHumanControllingUs: 0, StartBugReporterOnCrash: 0, Is64bit: 1, IsPro: 0

COMMAND LINE ARGUMENTS:
D:\Program Files\Unity\Hub\Editor\2020.3.26f1\Editor\Unity.exe
-adb2
-batchMode
-noUpm
-name
AssetImportWorker0
-projectPath
D:/unitySource/ARFoundation
-logFile
Logs/AssetImportWorker0.log
-srvPort
49770
Successfully changed project path to: D:/unitySource/ARFoundation
D:/unitySource/ARFoundation
Using Asset Import Pipeline V2.
Refreshing native plugins compatible for Editor in 64.49 ms, found 9 plugins.
Preloading 1 native plugins for Editor in 1.36 ms.
Initialize engine version: 2020.3.26f1 (7298b473bc1a)
[Subsystems] Discovering subsystems at path D:/Program Files/Unity/Hub/Editor/2020.3.26f1/Editor/Data/Resources/UnitySubsystems
[Subsystems] Discovering subsystems at path D:/unitySource/ARFoundation/Assets
GfxDevice: creating device client; threaded=0
Direct3D:
    Version:  Direct3D 11.0 [level 11.1]
    Renderer: NVIDIA GeForce GTX 1060 3GB (ID=0x1c02)
    Vendor:   
    VRAM:     2988 MB
    Driver:   27.21.14.5671
Initialize mono
Mono path[0] = 'D:/Program Files/Unity/Hub/Editor/2020.3.26f1/Editor/Data/Managed'
Mono path[1] = 'D:/Program Files/Unity/Hub/Editor/2020.3.26f1/Editor/Data/MonoBleedingEdge/lib/mono/unityjit'
Mono config path = 'D:/Program Files/Unity/Hub/Editor/2020.3.26f1/Editor/Data/MonoBleedingEdge/etc'
Using monoOptions --debugger-agent=transport=dt_socket,embedding=1,server=y,suspend=n,address=127.0.0.1:56124
Begin MonoManager ReloadAssembly
Registering precompiled unity dll's ...
Register platform support module: D:/Program Files/Unity/Hub/Editor/2020.3.26f1/Editor/Data/PlaybackEngines/WebGLSupport/UnityEditor.WebGL.Extensions.dll
Register platform support module: D:/Program Files/Unity/Hub/Editor/2020.3.26f1/Editor/Data/PlaybackEngines/WindowsStandaloneSupport/UnityEditor.WindowsStandalone.Extensions.dll
Registered in 0.001404 seconds.
Native extension for WindowsStandalone target not found
Native extension for WebGL target not found
Refreshing native plugins compatible for Editor in 56.07 ms, found 9 plugins.
Preloading 1 native plugins for Editor in 0.08 ms.
Mono: successfully reloaded assembly
- Completed reload, in  0.743 seconds
Domain Reload Profiling:
	ReloadAssembly (743ms)
		BeginReloadAssembly (62ms)
			ExecutionOrderSort (0ms)
			DisableScriptedObjects (0ms)
			BackupInstance (0ms)
			ReleaseScriptingObjects (0ms)
			CreateAndSetChildDomain (1ms)
		EndReloadAssembly (599ms)
			LoadAssemblies (62ms)
			RebuildTransferFunctionScriptingTraits (0ms)
			SetupTypeCache (195ms)
			ReleaseScriptCaches (0ms)
			RebuildScriptCaches (34ms)
			SetupLoadedEditorAssemblies (215ms)
				LogAssemblyErrors (0ms)
				InitializePlatformSupportModulesInManaged (6ms)
				SetLoadedEditorAssemblies (0ms)
				RefreshPlugins (56ms)
				BeforeProcessingInitializeOnLoad (18ms)
				ProcessInitializeOnLoadAttributes (101ms)
				ProcessInitializeOnLoadMethodAttributes (33ms)
				AfterProcessingInitializeOnLoad (0ms)
				EditorAssembliesLoaded (0ms)
			ExecutionOrderSort2 (0ms)
			AwakeInstancesAfterBackupRestoration (0ms)
Platform modules already initialized, skipping
Registering precompiled user dll's ...
Registered in 0.006835 seconds.
Begin MonoManager ReloadAssembly
Native extension for WindowsStandalone target not found
Native extension for WebGL target not found
Refreshing native plugins compatible for Editor in 144.90 ms, found 9 plugins.
Preloading 1 native plugins for Editor in 0.08 ms.
Mono: successfully reloaded assembly
- Completed reload, in  2.422 seconds
Domain Reload Profiling:
	ReloadAssembly (2424ms)
		BeginReloadAssembly (340ms)
			ExecutionOrderSort (0ms)
			DisableScriptedObjects (8ms)
			BackupInstance (0ms)
			ReleaseScriptingObjects (0ms)
			CreateAndSetChildDomain (30ms)
		EndReloadAssembly (1996ms)
			LoadAssemblies (595ms)
			RebuildTransferFunctionScriptingTraits (0ms)
			SetupTypeCache (598ms)
			ReleaseScriptCaches (1ms)
			RebuildScriptCaches (63ms)
			SetupLoadedEditorAssemblies (624ms)
				LogAssemblyErrors (0ms)
				InitializePlatformSupportModulesInManaged (7ms)
				SetLoadedEditorAssemblies (0ms)
				RefreshPlugins (145ms)
				BeforeProcessingInitializeOnLoad (202ms)
				ProcessInitializeOnLoadAttributes (253ms)
				ProcessInitializeOnLoadMethodAttributes (12ms)
				AfterProcessingInitializeOnLoad (4ms)
				EditorAssembliesLoaded (0ms)
			ExecutionOrderSort2 (0ms)
			AwakeInstancesAfterBackupRestoration (8ms)
Platform modules already initialized, skipping
========================================================================
Worker process is ready to serve import requests
Launched and connected shader compiler UnityShaderCompiler.exe after 0.12 seconds
Refreshing native plugins compatible for Editor in 0.77 ms, found 9 plugins.
Preloading 1 native plugins for Editor in 0.07 ms.
Unloading 2260 Unused Serialized files (Serialized files now loaded: 0)
System memory in use before: 91.0 MB.
System memory in use after: 91.1 MB.

Unloading 22 unused Assets to reduce memory usage. Loaded Objects now: 2691.
Total: 9.225400 ms (FindLiveObjects: 0.544600 ms CreateObjectMapping: 0.248900 ms MarkObjects: 8.318800 ms  DeleteObjects: 0.109900 ms)

AssetImportParameters requested are different than current active one (requested -> active):
  custom:framework-win-MediaFoundation: 216162199b28c13a410421893ffa2e32 -> 
  custom:video-decoder-ogg-theora: a1e56fd34408186e4bbccfd4996cb3dc -> 
  custom:container-muxer-webm: aa71ff27fc2769a1b78a27578f13a17b -> 
  custom:container-demuxer-webm: 4f35f7cbe854078d1ac9338744f61a02 -> 
  custom:container-demuxer-ogg: 62fdf1f143b41e24485cea50d1cbac27 -> 
  custom:video-encoder-webm-vp8: eb34c28f22e8b96e1ab97ce403110664 -> 
  custom:video-decoder-webm-vp8: 9c59270c3fd7afecdb556c50c9e8de78 -> 
  custom:audio-decoder-ogg-vorbis: bf7c407c2cedff20999df2af8eb42d56 -> 
  custom:audio-encoder-webm-vorbis: bf7c407c2cedff20999df2af8eb42d56 -> 
========================================================================
Received Import Request.
  path: Assets/Scripts/ARPlaceOnPlane.cs
  artifactKey: Guid(2b15b735c4e33fb478f05048fc0ec227) Importer(815301076,1909f56bfc062723c751e8b465ee728b)
Start importing Assets/Scripts/ARPlaceOnPlane.cs using Guid(2b15b735c4e33fb478f05048fc0ec227) Importer(815301076,1909f56bfc062723c751e8b465ee728b)  -> (artifact id: 'b4177a4bc0755ebdf620141c049062f5') in 0.102421 seconds 
  Import took 0.132271 seconds .

========================================================================
Received Prepare
Refreshing native plugins compatible for Editor in 3.65 ms, found 9 plugins.
Preloading 1 native plugins for Editor in 0.09 ms.
Unloading 14 Unused Serialized files (Serialized files now loaded: 0)
System memory in use before: 45.9 MB.
System memory in use after: 46.0 MB.

Unloading 13 unused Assets to reduce memory usage. Loaded Objects now: 2692.
Total: 3.439300 ms (FindLiveObjects: 0.333200 ms CreateObjectMapping: 0.190900 ms MarkObjects: 2.897500 ms  DeleteObjects: 0.016300 ms)

AssetImportParameters requested are different than current active one (requested -> active):
  custom:framework-win-MediaFoundation: 216162199b28c13a410421893ffa2e32 -> 
  custom:video-decoder-ogg-theora: a1e56fd34408186e4bbccfd4996cb3dc -> 
  custom:container-muxer-webm: aa71ff27fc2769a1b78a27578f13a17b -> 
  custom:container-demuxer-webm: 4f35f7cbe854078d1ac9338744f61a02 -> 
  custom:container-demuxer-ogg: 62fdf1f143b41e24485cea50d1cbac27 -> 
  custom:video-encoder-webm-vp8: eb34c28f22e8b96e1ab97ce403110664 -> 
  custom:video-decoder-webm-vp8: 9c59270c3fd7afecdb556c50c9e8de78 -> 
  custom:audio-decoder-ogg-vorbis: bf7c407c2cedff20999df2af8eb42d56 -> 
  custom:audio-encoder-webm-vorbis: bf7c407c2cedff20999df2af8eb42d56 -> 
========================================================================
Received Import Request.
  Time since last request: 358.921083 seconds.
  path: Assets/HDRPFurniturePack/Artek/Armchair_406_Artek
  artifactKey: Guid(21e2c568da4adde4fb22bedff6d744e9) Importer(815301076,1909f56bfc062723c751e8b465ee728b)
Start importing Assets/HDRPFurniturePack/Artek/Armchair_406_Artek using Guid(21e2c568da4adde4fb22bedff6d744e9) Importer(815301076,1909f56bfc062723c751e8b465ee728b)  -> (artifact id: '06e1af39ab27ec2039c30f539bd3fd6d') in 0.013395 seconds 
  Import took 0.019388 seconds .

========================================================================
Received Import Request.
  Time since last request: 1.819441 seconds.
  path: Assets/HDRPFurniturePack/Artek/Armchair_406_Artek/Armchair_406_Artek.prefab
  artifactKey: Guid(f6937c647c8b29344b261e700c620f65) Importer(815301076,1909f56bfc062723c751e8b465ee728b)
Start importing Assets/HDRPFurniturePack/Artek/Armchair_406_Artek/Armchair_406_Artek.prefab using Guid(f6937c647c8b29344b261e700c620f65) Importer(815301076,1909f56bfc062723c751e8b465ee728b)  -> (artifact id: '629c366b43b88e6ac9fb50747ada386e') in 0.105729 seconds 
  Import took 0.111416 seconds .

========================================================================
Received Import Request.
  Time since last request: 3.363489 seconds.
  path: Assets/HDRPFurniturePack/Artek/Coffee_Table_90D_Artek/Coffee_Table_90D_Artek.prefab
  artifactKey: Guid(d2a38f138b6bd9c4999e5d1d412fb175) Importer(815301076,1909f56bfc062723c751e8b465ee728b)
Start importing Assets/HDRPFurniturePack/Artek/Coffee_Table_90D_Artek/Coffee_Table_90D_Artek.prefab using Guid(d2a38f138b6bd9c4999e5d1d412fb175) Importer(815301076,1909f56bfc062723c751e8b465ee728b)  -> (artifact id: 'f107e4793896123fcda31f0efc0b47a1') in 0.018285 seconds 
  Import took 0.025050 seconds .

========================================================================
Received Import Request.
  Time since last request: 1.357899 seconds.
  path: Assets/HDRPFurniturePack/Artek/Coffee_Table_907B_Artek/Coffee_Table_907B_Artek.prefab
  artifactKey: Guid(256cec2c72ebeb14ba3af9ba689d0611) Importer(815301076,1909f56bfc062723c751e8b465ee728b)
Start importing Assets/HDRPFurniturePack/Artek/Coffee_Table_907B_Artek/Coffee_Table_907B_Artek.prefab using Guid(256cec2c72ebeb14ba3af9ba689d0611) Importer(815301076,1909f56bfc062723c751e8b465ee728b)  -> (artifact id: '692837baabbfbaebbba476103f02e0ab') in 0.021810 seconds 
  Import took 0.027005 seconds .

========================================================================
Received Import Request.
  Time since last request: 0.535252 seconds.
  path: Assets/HDRPFurniturePack/Artek/Floor_Light_A810_Artek/Floor_Light_A810_Artek.prefab
  artifactKey: Guid(96f554849a71e424fa1152c9accc330f) Importer(815301076,1909f56bfc062723c751e8b465ee728b)
Start importing Assets/HDRPFurniturePack/Artek/Floor_Light_A810_Artek/Floor_Light_A810_Artek.prefab using Guid(96f554849a71e424fa1152c9accc330f) Importer(815301076,1909f56bfc062723c751e8b465ee728b)  -> (artifact id: 'fbb005f725b3eb53859c5e641c2f256e') in 0.016334 seconds 
  Import took 0.022438 seconds .

========================================================================
Received Import Request.
  Time since last request: 1.263226 seconds.
  path: Assets/HDRPFurniturePack/Artek/Stool 60 Artek/Stool 60 Artek.prefab
  artifactKey: Guid(6236b6fc42f362d47946e045efef3244) Importer(815301076,1909f56bfc062723c751e8b465ee728b)
Start importing Assets/HDRPFurniturePack/Artek/Stool 60 Artek/Stool 60 Artek.prefab using Guid(6236b6fc42f362d47946e045efef3244) Importer(815301076,1909f56bfc062723c751e8b465ee728b)  -> (artifact id: '3a6c676ecbd5082a0048002ec4c5c148') in 0.021819 seconds 
  Import took 0.026241 seconds .

========================================================================
Received Import Request.
  Time since last request: 0.786099 seconds.
  path: Assets/HDRPFurniturePack/Artek/Table_97_Artek/Table_97_Artek.prefab
  artifactKey: Guid(e358ad231a68cf7499c4cf12bd33677b) Importer(815301076,1909f56bfc062723c751e8b465ee728b)
Start importing Assets/HDRPFurniturePack/Artek/Table_97_Artek/Table_97_Artek.prefab using Guid(e358ad231a68cf7499c4cf12bd33677b) Importer(815301076,1909f56bfc062723c751e8b465ee728b)  -> (artifact id: '56570ebaf998377eab1a246d8d5220f4') in 0.013921 seconds 
  Import took 0.018190 seconds .

========================================================================
Received Import Request.
  Time since last request: 1.047138 seconds.
  path: Assets/HDRPFurniturePack/Coffee_Table_Books/Coffee_Table_Books.prefab
  artifactKey: Guid(a330caec0c2ca384083588809213e4b9) Importer(815301076,1909f56bfc062723c751e8b465ee728b)
Start importing Assets/HDRPFurniturePack/Coffee_Table_Books/Coffee_Table_Books.prefab using Guid(a330caec0c2ca384083588809213e4b9) Importer(815301076,1909f56bfc062723c751e8b465ee728b)  -> (artifact id: '66628b8727aaeaf1e8fe19e64c6f5901') in 0.018051 seconds 
  Import took 0.022217 seconds .

========================================================================
Received Import Request.
  Time since last request: 5.569030 seconds.
  path: Assets/HDRPFurniturePack/Curtain/Curtain_240x140.prefab
  artifactKey: Guid(fdc1059a7ab76be4f9ded8df239e51c8) Importer(815301076,1909f56bfc062723c751e8b465ee728b)
Start importing Assets/HDRPFurniturePack/Curtain/Curtain_240x140.prefab using Guid(fdc1059a7ab76be4f9ded8df239e51c8) Importer(815301076,1909f56bfc062723c751e8b465ee728b)  -> (artifact id: 'f4935d1e49754ec711507d46097cc4f7') in 0.014028 seconds 
  Import took 0.019716 seconds .

========================================================================
Received Import Request.
  Time since last request: 0.907470 seconds.
  path: Assets/HDRPFurniturePack/Decorative_Throw_Pillows/Decorative_Throw_Pillow.prefab
  artifactKey: Guid(37492f94553713c42851311ed794e3bf) Importer(815301076,1909f56bfc062723c751e8b465ee728b)
Start importing Assets/HDRPFurniturePack/Decorative_Throw_Pillows/Decorative_Throw_Pillow.prefab using Guid(37492f94553713c42851311ed794e3bf) Importer(815301076,1909f56bfc062723c751e8b465ee728b)  -> (artifact id: '9b776338e2e774f384f5e0a9dfda3256') in 0.015255 seconds 
  Import took 0.020601 seconds .

========================================================================
Received Import Request.
  Time since last request: 1.161280 seconds.
  path: Assets/HDRPFurniturePack/Demo_Scene/Light.mat
  artifactKey: Guid(9c3657daaf0c80e43b482cc33dd63596) Importer(815301076,1909f56bfc062723c751e8b465ee728b)
Start importing Assets/HDRPFurniturePack/Demo_Scene/Light.mat using Guid(9c3657daaf0c80e43b482cc33dd63596) Importer(815301076,1909f56bfc062723c751e8b465ee728b)  -> (artifact id: '8589f049533bbac94d882faee7aad70e') in 0.040718 seconds 
  Import took 0.045802 seconds .

========================================================================
Received Import Request.
  Time since last request: 0.000209 seconds.
  path: Assets/HDRPFurniturePack/Demo_Scene/Plane.prefab
  artifactKey: Guid(587b8c7189a01ad4fbe2af6a8481982b) Importer(815301076,1909f56bfc062723c751e8b465ee728b)
Start importing Assets/HDRPFurniturePack/Demo_Scene/Plane.prefab using Guid(587b8c7189a01ad4fbe2af6a8481982b) Importer(815301076,1909f56bfc062723c751e8b465ee728b)  -> (artifact id: '4cb8a6d8fd3a11a7c7a6ca242d9fce75') in 0.023225 seconds 
  Import took 0.041242 seconds .

========================================================================
Received Import Request.
  Time since last request: 0.000278 seconds.
  path: Assets/HDRPFurniturePack/Demo_Scene/PlaneMaterial.mat
  artifactKey: Guid(ba9c303c70436134194281afd1853b64) Importer(815301076,1909f56bfc062723c751e8b465ee728b)
Start importing Assets/HDRPFurniturePack/Demo_Scene/PlaneMaterial.mat using Guid(ba9c303c70436134194281afd1853b64) Importer(815301076,1909f56bfc062723c751e8b465ee728b)  -> (artifact id: '47ef5e459fda561f877cfc7506f99396') in 0.021237 seconds 
  Import took 0.025857 seconds .

========================================================================
Received Import Request.
  Time since last request: 0.531266 seconds.
  path: Assets/HDRPFurniturePack/Dining_Chair/Dining_Chair.prefab
  artifactKey: Guid(3ffb42c9597b9b44da7cdfb5743e88c2) Importer(815301076,1909f56bfc062723c751e8b465ee728b)
Start importing Assets/HDRPFurniturePack/Dining_Chair/Dining_Chair.prefab using Guid(3ffb42c9597b9b44da7cdfb5743e88c2) Importer(815301076,1909f56bfc062723c751e8b465ee728b)  -> (artifact id: '7151830875aa833ae10b7d4981a9292b') in 0.020391 seconds 
  Import took 0.026442 seconds .

========================================================================
Received Import Request.
  Time since last request: 1.385455 seconds.
  path: Assets/HDRPFurniturePack/Plant_Potted_Monstera_Deliciosa/Plant_Potted_Monstera_Deliciosa.prefab
  artifactKey: Guid(da7afa674a6fd354a93985d54347752f) Importer(815301076,1909f56bfc062723c751e8b465ee728b)
Start importing Assets/HDRPFurniturePack/Plant_Potted_Monstera_Deliciosa/Plant_Potted_Monstera_Deliciosa.prefab using Guid(da7afa674a6fd354a93985d54347752f) Importer(815301076,1909f56bfc062723c751e8b465ee728b)  -> (artifact id: 'c86e6bd1de4f376c3dec6ee8d9de6843') in 0.015635 seconds 
  Import took 0.021340 seconds .

========================================================================
Received Import Request.
  Time since last request: 1.430271 seconds.
  path: Assets/HDRPFurniturePack/Rug_High_Pile_Grey/Rug_High_Pile_Grey.prefab
  artifactKey: Guid(37ee19ae1c2ff004589f9e4928174dcb) Importer(815301076,1909f56bfc062723c751e8b465ee728b)
Start importing Assets/HDRPFurniturePack/Rug_High_Pile_Grey/Rug_High_Pile_Grey.prefab using Guid(37ee19ae1c2ff004589f9e4928174dcb) Importer(815301076,1909f56bfc062723c751e8b465ee728b)  -> (artifact id: '1e63401dd7d0f163094d4c2e695bfd38') in 0.014854 seconds 
  Import took 0.020347 seconds .

========================================================================
Received Import Request.
  Time since last request: 0.457861 seconds.
  path: Assets/HDRPFurniturePack/Rug_Woven_Wool_Natural/Rug Woven Wool Natural.prefab
  artifactKey: Guid(f3ba52664f9a27b48b0361c800895514) Importer(815301076,1909f56bfc062723c751e8b465ee728b)
Start importing Assets/HDRPFurniturePack/Rug_Woven_Wool_Natural/Rug Woven Wool Natural.prefab using Guid(f3ba52664f9a27b48b0361c800895514) Importer(815301076,1909f56bfc062723c751e8b465ee728b)  -> (artifact id: '14d1cc72869c7274ca740f8ba29f2364') in 0.017164 seconds 
  Import took 0.025022 seconds .

========================================================================
Received Import Request.
  Time since last request: 0.848176 seconds.
  path: Assets/HDRPFurniturePack/Sofa_SL03_Allemuir_Stirling/Sofa_SL03_Allemuir_Stirling.prefab
  artifactKey: Guid(2fb839915aaece74fbd0f24eb1d61b94) Importer(815301076,1909f56bfc062723c751e8b465ee728b)
Start importing Assets/HDRPFurniturePack/Sofa_SL03_Allemuir_Stirling/Sofa_SL03_Allemuir_Stirling.prefab using Guid(2fb839915aaece74fbd0f24eb1d61b94) Importer(815301076,1909f56bfc062723c751e8b465ee728b)  -> (artifact id: 'e30f99294af8506e4b673972aea88511') in 0.018207 seconds 
  Import took 0.022767 seconds .

========================================================================
Received Import Request.
  Time since last request: 0.637804 seconds.
  path: Assets/HDRPFurniturePack/Succulent_Planter/Succulent_Planter_Ceramic.prefab
  artifactKey: Guid(9566118a308257f48b491bc9272d187c) Importer(815301076,1909f56bfc062723c751e8b465ee728b)
Start importing Assets/HDRPFurniturePack/Succulent_Planter/Succulent_Planter_Ceramic.prefab using Guid(9566118a308257f48b491bc9272d187c) Importer(815301076,1909f56bfc062723c751e8b465ee728b)  -> (artifact id: '8a29905d3485a9c8eba44d4ee7bbbdad') in 0.013725 seconds 
  Import took 0.021028 seconds .

========================================================================
Received Import Request.
  Time since last request: 1.463898 seconds.
  path: Assets/HDRPFurniturePack/Taper_Candle_Holders/Taper_Candle_Holders.prefab
  artifactKey: Guid(44fbd8a82aed1fd45a7304e33cf91f0d) Importer(815301076,1909f56bfc062723c751e8b465ee728b)
Start importing Assets/HDRPFurniturePack/Taper_Candle_Holders/Taper_Candle_Holders.prefab using Guid(44fbd8a82aed1fd45a7304e33cf91f0d) Importer(815301076,1909f56bfc062723c751e8b465ee728b)  -> (artifact id: '3927e3bbeb92d26986c165f6f412a531') in 0.014298 seconds 
  Import took 0.019853 seconds .

========================================================================
Received Import Request.
  Time since last request: 0.515929 seconds.
  path: Assets/HDRPFurniturePack/Wall_Decoration_Art_Zebra/Wall_Decoration_Art_Zebra.prefab
  artifactKey: Guid(b48178a9d56ed1f4ab29676f35def8e1) Importer(815301076,1909f56bfc062723c751e8b465ee728b)
Start importing Assets/HDRPFurniturePack/Wall_Decoration_Art_Zebra/Wall_Decoration_Art_Zebra.prefab using Guid(b48178a9d56ed1f4ab29676f35def8e1) Importer(815301076,1909f56bfc062723c751e8b465ee728b)  -> (artifact id: 'cb9b69ab354ea5bf66bc00da59ec9931') in 0.017251 seconds 
  Import took 0.022572 seconds .

========================================================================
Received Import Request.
  Time since last request: 32.395079 seconds.
  path: Assets/HDRPFurniturePack/Dining_Chair/Materials
  artifactKey: Guid(3f1de51ef1a039749a9ae66ce21796ed) Importer(815301076,1909f56bfc062723c751e8b465ee728b)
Start importing Assets/HDRPFurniturePack/Dining_Chair/Materials using Guid(3f1de51ef1a039749a9ae66ce21796ed) Importer(815301076,1909f56bfc062723c751e8b465ee728b)  -> (artifact id: '288c1627dfe4869f29b868cad337ba73') in 0.011472 seconds 
  Import took 0.033017 seconds .

========================================================================
Received Import Request.
  Time since last request: 0.275435 seconds.
  path: Assets/HDRPFurniturePack/Dining_Chair/Materials/Dining_Chair_Black.mat
  artifactKey: Guid(26690ca0bebd29c4da4634d81ab26e57) Importer(815301076,1909f56bfc062723c751e8b465ee728b)
Start importing Assets/HDRPFurniturePack/Dining_Chair/Materials/Dining_Chair_Black.mat using Guid(26690ca0bebd29c4da4634d81ab26e57) Importer(815301076,1909f56bfc062723c751e8b465ee728b)  -> (artifact id: '2d754df774d7fe5bfa41107f74cb1999') in 0.014260 seconds 
  Import took 0.019906 seconds .

========================================================================
Received Import Request.
  Time since last request: 0.000202 seconds.
  path: Assets/HDRPFurniturePack/Dining_Chair/Materials/Dining_Chair_Wood_natural.mat
  artifactKey: Guid(e8aa619d92aff8245b481c21fa35748e) Importer(815301076,1909f56bfc062723c751e8b465ee728b)
Start importing Assets/HDRPFurniturePack/Dining_Chair/Materials/Dining_Chair_Wood_natural.mat using Guid(e8aa619d92aff8245b481c21fa35748e) Importer(815301076,1909f56bfc062723c751e8b465ee728b)  -> (artifact id: '5d04147afab3c7a0ddf3a70dde5e4e67') in 0.021430 seconds 
  Import took 0.026528 seconds .

========================================================================
Received Import Request.
  Time since last request: 9.408621 seconds.
  path: Assets/HDRPFurniturePack/Dining_Chair/Textures/Dining_Chair_AO.png
  artifactKey: Guid(cae08f589d76b2346bc1da121c6d1832) Importer(815301076,1909f56bfc062723c751e8b465ee728b)
Start importing Assets/HDRPFurniturePack/Dining_Chair/Textures/Dining_Chair_AO.png using Guid(cae08f589d76b2346bc1da121c6d1832) Importer(815301076,1909f56bfc062723c751e8b465ee728b)  -> (artifact id: 'cfff1f8e1e428d4175539536b7e8dba6') in 0.073794 seconds 
  Import took 0.093921 seconds .

========================================================================
Received Import Request.
  Time since last request: 0.000241 seconds.
  path: Assets/HDRPFurniturePack/Dining_Chair/Textures/Dining_Chair_Black_MaskMap.png
  artifactKey: Guid(3a068c8aa45dbc9489bd434a057c1694) Importer(815301076,1909f56bfc062723c751e8b465ee728b)
Start importing Assets/HDRPFurniturePack/Dining_Chair/Textures/Dining_Chair_Black_MaskMap.png using Guid(3a068c8aa45dbc9489bd434a057c1694) Importer(815301076,1909f56bfc062723c751e8b465ee728b)  -> (artifact id: 'c849255d93b074f22d96dae6e7968e04') in 0.025484 seconds 
  Import took 0.031334 seconds .

========================================================================
Received Import Request.
  Time since last request: 0.000215 seconds.
  path: Assets/HDRPFurniturePack/Dining_Chair/Textures/Dining_Chair_Black_DetailMap.png
  artifactKey: Guid(78b5402af60951048a3cb2e95911d3b0) Importer(815301076,1909f56bfc062723c751e8b465ee728b)
Start importing Assets/HDRPFurniturePack/Dining_Chair/Textures/Dining_Chair_Black_DetailMap.png using Guid(78b5402af60951048a3cb2e95911d3b0) Importer(815301076,1909f56bfc062723c751e8b465ee728b)  -> (artifact id: 'f8f859126d5ea093e88641971fc54cb4') in 0.022205 seconds 
  Import took 0.073033 seconds .

========================================================================
Received Import Request.
  Time since last request: 0.000194 seconds.
  path: Assets/HDRPFurniturePack/Dining_Chair/Textures/Dining_Chair_Wood_natural_MaskMap.png
  artifactKey: Guid(2e3ebb2c3c9e3aa47b1a4bd5a7f82485) Importer(815301076,1909f56bfc062723c751e8b465ee728b)
Start importing Assets/HDRPFurniturePack/Dining_Chair/Textures/Dining_Chair_Wood_natural_MaskMap.png using Guid(2e3ebb2c3c9e3aa47b1a4bd5a7f82485) Importer(815301076,1909f56bfc062723c751e8b465ee728b)  -> (artifact id: '46ba328060f2c153f35d7bd3547b782e') in 0.027104 seconds 
  Import took 0.033895 seconds .

========================================================================
Received Import Request.
  Time since last request: 0.000218 seconds.
  path: Assets/HDRPFurniturePack/Dining_Chair/Textures/Dining_Chair_Wood_natural_DetailMap.png
  artifactKey: Guid(5c465fc8f70a751449f747436af996ea) Importer(815301076,1909f56bfc062723c751e8b465ee728b)
Start importing Assets/HDRPFurniturePack/Dining_Chair/Textures/Dining_Chair_Wood_natural_DetailMap.png using Guid(5c465fc8f70a751449f747436af996ea) Importer(815301076,1909f56bfc062723c751e8b465ee728b)  -> (artifact id: '8e5942665677e8716629efe4ce058eac') in 0.032232 seconds 
  Import took 0.040312 seconds .

========================================================================
Received Prepare
Refreshing native plugins compatible for Editor in 4.81 ms, found 9 plugins.
Preloading 1 native plugins for Editor in 0.10 ms.
Unloading 13 Unused Serialized files (Serialized files now loaded: 0)
System memory in use before: 49.6 MB.
System memory in use after: 49.8 MB.

Unloading 13 unused Assets to reduce memory usage. Loaded Objects now: 2734.
Total: 6.092800 ms (FindLiveObjects: 0.279400 ms CreateObjectMapping: 0.201700 ms MarkObjects: 5.589900 ms  DeleteObjects: 0.020600 ms)

AssetImportParameters requested are different than current active one (requested -> active):
  custom:framework-win-MediaFoundation: 216162199b28c13a410421893ffa2e32 -> 
  custom:video-decoder-ogg-theora: a1e56fd34408186e4bbccfd4996cb3dc -> 
  custom:container-muxer-webm: aa71ff27fc2769a1b78a27578f13a17b -> 
  custom:container-demuxer-webm: 4f35f7cbe854078d1ac9338744f61a02 -> 
  custom:container-demuxer-ogg: 62fdf1f143b41e24485cea50d1cbac27 -> 
  custom:video-encoder-webm-vp8: eb34c28f22e8b96e1ab97ce403110664 -> 
  custom:video-decoder-webm-vp8: 9c59270c3fd7afecdb556c50c9e8de78 -> 
  custom:audio-decoder-ogg-vorbis: bf7c407c2cedff20999df2af8eb42d56 -> 
  custom:audio-encoder-webm-vorbis: bf7c407c2cedff20999df2af8eb42d56 -> 
========================================================================
Received Prepare
Refreshing native plugins compatible for Editor in 5.51 ms, found 9 plugins.
Preloading 1 native plugins for Editor in 0.07 ms.
Unloading 13 Unused Serialized files (Serialized files now loaded: 0)
System memory in use before: 49.6 MB.
System memory in use after: 49.8 MB.

Unloading 13 unused Assets to reduce memory usage. Loaded Objects now: 2734.
Total: 5.111000 ms (FindLiveObjects: 0.225400 ms CreateObjectMapping: 0.097300 ms MarkObjects: 4.766300 ms  DeleteObjects: 0.020300 ms)

AssetImportParameters requested are different than current active one (requested -> active):
  custom:framework-win-MediaFoundation: 216162199b28c13a410421893ffa2e32 -> 
  custom:video-decoder-ogg-theora: a1e56fd34408186e4bbccfd4996cb3dc -> 
  custom:container-muxer-webm: aa71ff27fc2769a1b78a27578f13a17b -> 
  custom:container-demuxer-webm: 4f35f7cbe854078d1ac9338744f61a02 -> 
  custom:container-demuxer-ogg: 62fdf1f143b41e24485cea50d1cbac27 -> 
  custom:video-encoder-webm-vp8: eb34c28f22e8b96e1ab97ce403110664 -> 
  custom:video-decoder-webm-vp8: 9c59270c3fd7afecdb556c50c9e8de78 -> 
  custom:audio-decoder-ogg-vorbis: bf7c407c2cedff20999df2af8eb42d56 -> 
  custom:audio-encoder-webm-vorbis: bf7c407c2cedff20999df2af8eb42d56 -> 
AssetImportWorkerClient::OnTransportError - code=2 error=End of file
